5e5232d564b8
*** Found local files:
***   * /opt/airflow/logs/dag_id=process_medallion/run_id=manual__2026-03-24T01:58:55.730794+00:00/task_id=silver_to_gold/attempt=1.log
[2026-03-24T01:59:46.541+0000] {taskinstance.py:1956} INFO - Dependencies all met for dep_context=non-requeueable deps ti=<TaskInstance: process_medallion.silver_to_gold manual__2026-03-24T01:58:55.730794+00:00 [queued]>
[2026-03-24T01:59:46.553+0000] {taskinstance.py:1956} INFO - Dependencies all met for dep_context=requeueable deps ti=<TaskInstance: process_medallion.silver_to_gold manual__2026-03-24T01:58:55.730794+00:00 [queued]>
[2026-03-24T01:59:46.554+0000] {taskinstance.py:2170} INFO - Starting attempt 1 of 2
[2026-03-24T01:59:46.574+0000] {taskinstance.py:2191} INFO - Executing <Task(BashOperator): silver_to_gold> on 2026-03-24 01:58:55.730794+00:00
[2026-03-24T01:59:46.580+0000] {standard_task_runner.py:60} INFO - Started process 2254 to run task
[2026-03-24T01:59:46.584+0000] {standard_task_runner.py:87} INFO - Running: ['airflow', 'tasks', 'run', 'process_medallion', 'silver_to_gold', 'manual__2026-03-24T01:58:55.730794+00:00', '--job-id', '280', '--raw', '--subdir', 'DAGS_FOLDER/dag_process_medallion.py', '--cfg-path', '/tmp/tmpit5sb_x8']
[2026-03-24T01:59:46.586+0000] {standard_task_runner.py:88} INFO - Job 280: Subtask silver_to_gold
[2026-03-24T01:59:46.654+0000] {task_command.py:423} INFO - Running <TaskInstance: process_medallion.silver_to_gold manual__2026-03-24T01:58:55.730794+00:00 [running]> on host 5e5232d564b8
[2026-03-24T01:59:46.782+0000] {taskinstance.py:2480} INFO - Exporting env vars: AIRFLOW_CTX_DAG_OWNER='airflow' AIRFLOW_CTX_DAG_ID='process_medallion' AIRFLOW_CTX_TASK_ID='silver_to_gold' AIRFLOW_CTX_EXECUTION_DATE='2026-03-24T01:58:55.730794+00:00' AIRFLOW_CTX_TRY_NUMBER='1' AIRFLOW_CTX_DAG_RUN_ID='manual__2026-03-24T01:58:55.730794+00:00'
[2026-03-24T01:59:46.783+0000] {subprocess.py:63} INFO - Tmp dir root location: /tmp
[2026-03-24T01:59:46.784+0000] {subprocess.py:75} INFO - Running command: ['/usr/bin/bash', '-c', 'python3 -c "import shutil; shutil.make_arc***(\'/tmp/engines\', \'zip\', \'/opt/airflow\', \'engines\')" && spark-submit --master spark://spark-master:7077 --num-executors 2 --executor-cores 2 --executor-memory 512m --driver-memory 512m --packages org.apache.spark:spark-sql-kafka-0-10_2.12:3.5.0 --py-files /tmp/engines.zip /opt/airflow/scripts/silver_to_gold.py']
[2026-03-24T01:59:46.796+0000] {subprocess.py:86} INFO - Output:
[2026-03-24T01:59:48.706+0000] {subprocess.py:93} INFO - :: loading settings :: url = jar:file:/home/airflow/.local/lib/python3.8/site-packages/pyspark/jars/ivy-2.5.1.jar!/org/apache/ivy/core/settings/ivysettings.xml
[2026-03-24T01:59:48.775+0000] {subprocess.py:93} INFO - Ivy Default Cache set to: /home/airflow/.ivy2/cache
[2026-03-24T01:59:48.776+0000] {subprocess.py:93} INFO - The jars for the packages stored in: /home/airflow/.ivy2/jars
[2026-03-24T01:59:48.781+0000] {subprocess.py:93} INFO - org.apache.spark#spark-sql-kafka-0-10_2.12 added as a dependency
[2026-03-24T01:59:48.782+0000] {subprocess.py:93} INFO - :: resolving dependencies :: org.apache.spark#spark-submit-parent-b23a409e-49af-4520-a28d-db1081de11dc;1.0
[2026-03-24T01:59:48.783+0000] {subprocess.py:93} INFO - 	confs: [default]
[2026-03-24T01:59:48.983+0000] {subprocess.py:93} INFO - 	found org.apache.spark#spark-sql-kafka-0-10_2.12;3.5.0 in central
[2026-03-24T01:59:49.063+0000] {subprocess.py:93} INFO - 	found org.apache.spark#spark-token-provider-kafka-0-10_2.12;3.5.0 in central
[2026-03-24T01:59:49.106+0000] {subprocess.py:93} INFO - 	found org.apache.kafka#kafka-clients;3.4.1 in central
[2026-03-24T01:59:49.148+0000] {subprocess.py:93} INFO - 	found org.lz4#lz4-java;1.8.0 in central
[2026-03-24T01:59:49.178+0000] {subprocess.py:93} INFO - 	found org.xerial.snappy#snappy-java;1.1.10.3 in central
[2026-03-24T01:59:49.206+0000] {subprocess.py:93} INFO - 	found org.slf4j#slf4j-api;2.0.7 in central
[2026-03-24T01:59:49.245+0000] {subprocess.py:93} INFO - 	found org.apache.hadoop#hadoop-client-runtime;3.3.4 in central
[2026-03-24T01:59:49.287+0000] {subprocess.py:93} INFO - 	found org.apache.hadoop#hadoop-client-api;3.3.4 in central
[2026-03-24T01:59:49.316+0000] {subprocess.py:93} INFO - 	found commons-logging#commons-logging;1.1.3 in central
[2026-03-24T01:59:49.344+0000] {subprocess.py:93} INFO - 	found com.google.code.findbugs#jsr305;3.0.0 in central
[2026-03-24T01:59:49.370+0000] {subprocess.py:93} INFO - 	found org.apache.commons#commons-pool2;2.11.1 in central
[2026-03-24T01:59:49.416+0000] {subprocess.py:93} INFO - :: resolution report :: resolve 609ms :: artifacts dl 25ms
[2026-03-24T01:59:49.417+0000] {subprocess.py:93} INFO - 	:: modules in use:
[2026-03-24T01:59:49.417+0000] {subprocess.py:93} INFO - 	com.google.code.findbugs#jsr305;3.0.0 from central in [default]
[2026-03-24T01:59:49.417+0000] {subprocess.py:93} INFO - 	commons-logging#commons-logging;1.1.3 from central in [default]
[2026-03-24T01:59:49.418+0000] {subprocess.py:93} INFO - 	org.apache.commons#commons-pool2;2.11.1 from central in [default]
[2026-03-24T01:59:49.418+0000] {subprocess.py:93} INFO - 	org.apache.hadoop#hadoop-client-api;3.3.4 from central in [default]
[2026-03-24T01:59:49.418+0000] {subprocess.py:93} INFO - 	org.apache.hadoop#hadoop-client-runtime;3.3.4 from central in [default]
[2026-03-24T01:59:49.419+0000] {subprocess.py:93} INFO - 	org.apache.kafka#kafka-clients;3.4.1 from central in [default]
[2026-03-24T01:59:49.420+0000] {subprocess.py:93} INFO - 	org.apache.spark#spark-sql-kafka-0-10_2.12;3.5.0 from central in [default]
[2026-03-24T01:59:49.420+0000] {subprocess.py:93} INFO - 	org.apache.spark#spark-token-provider-kafka-0-10_2.12;3.5.0 from central in [default]
[2026-03-24T01:59:49.420+0000] {subprocess.py:93} INFO - 	org.lz4#lz4-java;1.8.0 from central in [default]
[2026-03-24T01:59:49.421+0000] {subprocess.py:93} INFO - 	org.slf4j#slf4j-api;2.0.7 from central in [default]
[2026-03-24T01:59:49.421+0000] {subprocess.py:93} INFO - 	org.xerial.snappy#snappy-java;1.1.10.3 from central in [default]
[2026-03-24T01:59:49.422+0000] {subprocess.py:93} INFO - 	---------------------------------------------------------------------
[2026-03-24T01:59:49.422+0000] {subprocess.py:93} INFO - 	|                  |            modules            ||   artifacts   |
[2026-03-24T01:59:49.422+0000] {subprocess.py:93} INFO - 	|       conf       | number| search|dwnlded|evicted|| number|dwnlded|
[2026-03-24T01:59:49.423+0000] {subprocess.py:93} INFO - 	---------------------------------------------------------------------
[2026-03-24T01:59:49.423+0000] {subprocess.py:93} INFO - 	|      default     |   11  |   0   |   0   |   0   ||   11  |   0   |
[2026-03-24T01:59:49.423+0000] {subprocess.py:93} INFO - 	---------------------------------------------------------------------
[2026-03-24T01:59:49.431+0000] {subprocess.py:93} INFO - :: retrieving :: org.apache.spark#spark-submit-parent-b23a409e-49af-4520-a28d-db1081de11dc
[2026-03-24T01:59:49.432+0000] {subprocess.py:93} INFO - 	confs: [default]
[2026-03-24T01:59:49.446+0000] {subprocess.py:93} INFO - 	0 artifacts copied, 11 already retrieved (0kB/15ms)
[2026-03-24T01:59:49.701+0000] {subprocess.py:93} INFO - 26/03/24 01:59:49 WARN NativeCodeLoader: Unable to load native-hadoop library for your platform... using builtin-java classes where applicable
[2026-03-24T01:59:50.935+0000] {subprocess.py:93} INFO - 26/03/24 01:59:50 INFO SparkContext: Running Spark version 3.5.0
[2026-03-24T01:59:50.936+0000] {subprocess.py:93} INFO - 26/03/24 01:59:50 INFO SparkContext: OS info Linux, 6.8.0-106-generic, amd64
[2026-03-24T01:59:50.936+0000] {subprocess.py:93} INFO - 26/03/24 01:59:50 INFO SparkContext: Java version 17.0.18
[2026-03-24T01:59:50.960+0000] {subprocess.py:93} INFO - 26/03/24 01:59:50 INFO ResourceUtils: ==============================================================
[2026-03-24T01:59:50.961+0000] {subprocess.py:93} INFO - 26/03/24 01:59:50 INFO ResourceUtils: No custom resources configured for spark.driver.
[2026-03-24T01:59:50.961+0000] {subprocess.py:93} INFO - 26/03/24 01:59:50 INFO ResourceUtils: ==============================================================
[2026-03-24T01:59:50.961+0000] {subprocess.py:93} INFO - 26/03/24 01:59:50 INFO SparkContext: Submitted application: SilverToGold
[2026-03-24T01:59:50.977+0000] {subprocess.py:93} INFO - 26/03/24 01:59:50 INFO ResourceProfile: Default ResourceProfile created, executor resources: Map(cores -> name: cores, amount: 2, script: , vendor: , memory -> name: memory, amount: 512, script: , vendor: , offHeap -> name: offHeap, amount: 0, script: , vendor: ), task resources: Map(cpus -> name: cpus, amount: 1.0)
[2026-03-24T01:59:50.985+0000] {subprocess.py:93} INFO - 26/03/24 01:59:50 INFO ResourceProfile: Limiting resource is cpus at 2 tasks per executor
[2026-03-24T01:59:50.987+0000] {subprocess.py:93} INFO - 26/03/24 01:59:50 INFO ResourceProfileManager: Added ResourceProfile id: 0
[2026-03-24T01:59:51.026+0000] {subprocess.py:93} INFO - 26/03/24 01:59:51 INFO SecurityManager: Changing view acls to: airflow
[2026-03-24T01:59:51.027+0000] {subprocess.py:93} INFO - 26/03/24 01:59:51 INFO SecurityManager: Changing modify acls to: airflow
[2026-03-24T01:59:51.027+0000] {subprocess.py:93} INFO - 26/03/24 01:59:51 INFO SecurityManager: Changing view acls groups to:
[2026-03-24T01:59:51.027+0000] {subprocess.py:93} INFO - 26/03/24 01:59:51 INFO SecurityManager: Changing modify acls groups to:
[2026-03-24T01:59:51.027+0000] {subprocess.py:93} INFO - 26/03/24 01:59:51 INFO SecurityManager: SecurityManager: authentication disabled; ui acls disabled; users with view permissions: airflow; groups with view permissions: EMPTY; users with modify permissions: airflow; groups with modify permissions: EMPTY
[2026-03-24T01:59:51.178+0000] {subprocess.py:93} INFO - 26/03/24 01:59:51 INFO Utils: Successfully started service 'sparkDriver' on port 35943.
[2026-03-24T01:59:51.208+0000] {subprocess.py:93} INFO - 26/03/24 01:59:51 INFO SparkEnv: Registering MapOutputTracker
[2026-03-24T01:59:51.245+0000] {subprocess.py:93} INFO - 26/03/24 01:59:51 INFO SparkEnv: Registering BlockManagerMaster
[2026-03-24T01:59:51.264+0000] {subprocess.py:93} INFO - 26/03/24 01:59:51 INFO BlockManagerMasterEndpoint: Using org.apache.spark.storage.DefaultTopologyMapper for getting topology information
[2026-03-24T01:59:51.265+0000] {subprocess.py:93} INFO - 26/03/24 01:59:51 INFO BlockManagerMasterEndpoint: BlockManagerMasterEndpoint up
[2026-03-24T01:59:51.268+0000] {subprocess.py:93} INFO - 26/03/24 01:59:51 INFO SparkEnv: Registering BlockManagerMasterHeartbeat
[2026-03-24T01:59:51.289+0000] {subprocess.py:93} INFO - 26/03/24 01:59:51 INFO DiskBlockManager: Created local directory at /tmp/blockmgr-90e3271c-9cff-4f3f-9578-f4a24587124c
[2026-03-24T01:59:51.301+0000] {subprocess.py:93} INFO - 26/03/24 01:59:51 INFO MemoryStore: MemoryStore started with capacity 127.2 MiB
[2026-03-24T01:59:51.314+0000] {subprocess.py:93} INFO - 26/03/24 01:59:51 INFO SparkEnv: Registering OutputCommitCoordinator
[2026-03-24T01:59:51.419+0000] {subprocess.py:93} INFO - 26/03/24 01:59:51 INFO JettyUtils: Start Jetty 0.0.0.0:4040 for SparkUI
[2026-03-24T01:59:51.476+0000] {subprocess.py:93} INFO - 26/03/24 01:59:51 INFO Utils: Successfully started service 'SparkUI' on port 4040.
[2026-03-24T01:59:51.509+0000] {subprocess.py:93} INFO - 26/03/24 01:59:51 INFO SparkContext: Added JAR file:///home/airflow/.ivy2/jars/org.apache.spark_spark-sql-kafka-0-10_2.12-3.5.0.jar at spark://5e5232d564b8:35943/jars/org.apache.spark_spark-sql-kafka-0-10_2.12-3.5.0.jar with timestamp 1774317590928
[2026-03-24T01:59:51.510+0000] {subprocess.py:93} INFO - 26/03/24 01:59:51 INFO SparkContext: Added JAR file:///home/airflow/.ivy2/jars/org.apache.spark_spark-token-provider-kafka-0-10_2.12-3.5.0.jar at spark://5e5232d564b8:35943/jars/org.apache.spark_spark-token-provider-kafka-0-10_2.12-3.5.0.jar with timestamp 1774317590928
[2026-03-24T01:59:51.510+0000] {subprocess.py:93} INFO - 26/03/24 01:59:51 INFO SparkContext: Added JAR file:///home/airflow/.ivy2/jars/org.apache.kafka_kafka-clients-3.4.1.jar at spark://5e5232d564b8:35943/jars/org.apache.kafka_kafka-clients-3.4.1.jar with timestamp 1774317590928
[2026-03-24T01:59:51.510+0000] {subprocess.py:93} INFO - 26/03/24 01:59:51 INFO SparkContext: Added JAR file:///home/airflow/.ivy2/jars/com.google.code.findbugs_jsr305-3.0.0.jar at spark://5e5232d564b8:35943/jars/com.google.code.findbugs_jsr305-3.0.0.jar with timestamp 1774317590928
[2026-03-24T01:59:51.510+0000] {subprocess.py:93} INFO - 26/03/24 01:59:51 INFO SparkContext: Added JAR file:///home/airflow/.ivy2/jars/org.apache.commons_commons-pool2-2.11.1.jar at spark://5e5232d564b8:35943/jars/org.apache.commons_commons-pool2-2.11.1.jar with timestamp 1774317590928
[2026-03-24T01:59:51.510+0000] {subprocess.py:93} INFO - 26/03/24 01:59:51 INFO SparkContext: Added JAR file:///home/airflow/.ivy2/jars/org.apache.hadoop_hadoop-client-runtime-3.3.4.jar at spark://5e5232d564b8:35943/jars/org.apache.hadoop_hadoop-client-runtime-3.3.4.jar with timestamp 1774317590928
[2026-03-24T01:59:51.511+0000] {subprocess.py:93} INFO - 26/03/24 01:59:51 INFO SparkContext: Added JAR file:///home/airflow/.ivy2/jars/org.lz4_lz4-java-1.8.0.jar at spark://5e5232d564b8:35943/jars/org.lz4_lz4-java-1.8.0.jar with timestamp 1774317590928
[2026-03-24T01:59:51.511+0000] {subprocess.py:93} INFO - 26/03/24 01:59:51 INFO SparkContext: Added JAR file:///home/airflow/.ivy2/jars/org.xerial.snappy_snappy-java-1.1.10.3.jar at spark://5e5232d564b8:35943/jars/org.xerial.snappy_snappy-java-1.1.10.3.jar with timestamp 1774317590928
[2026-03-24T01:59:51.511+0000] {subprocess.py:93} INFO - 26/03/24 01:59:51 INFO SparkContext: Added JAR file:///home/airflow/.ivy2/jars/org.slf4j_slf4j-api-2.0.7.jar at spark://5e5232d564b8:35943/jars/org.slf4j_slf4j-api-2.0.7.jar with timestamp 1774317590928
[2026-03-24T01:59:51.511+0000] {subprocess.py:93} INFO - 26/03/24 01:59:51 INFO SparkContext: Added JAR file:///home/airflow/.ivy2/jars/org.apache.hadoop_hadoop-client-api-3.3.4.jar at spark://5e5232d564b8:35943/jars/org.apache.hadoop_hadoop-client-api-3.3.4.jar with timestamp 1774317590928
[2026-03-24T01:59:51.511+0000] {subprocess.py:93} INFO - 26/03/24 01:59:51 INFO SparkContext: Added JAR file:///home/airflow/.ivy2/jars/commons-logging_commons-logging-1.1.3.jar at spark://5e5232d564b8:35943/jars/commons-logging_commons-logging-1.1.3.jar with timestamp 1774317590928
[2026-03-24T01:59:51.514+0000] {subprocess.py:93} INFO - 26/03/24 01:59:51 INFO SparkContext: Added file file:///tmp/engines.zip at spark://5e5232d564b8:35943/files/engines.zip with timestamp 1774317590928
[2026-03-24T01:59:51.515+0000] {subprocess.py:93} INFO - 26/03/24 01:59:51 INFO Utils: Copying /tmp/engines.zip to /tmp/spark-45c9f4c9-71d9-40ab-b41f-e5a2b9c438b2/userFiles-a980ce6f-354d-4252-87ba-6f2e806e12a5/engines.zip
[2026-03-24T01:59:51.525+0000] {subprocess.py:93} INFO - 26/03/24 01:59:51 INFO SparkContext: Added file file:///home/airflow/.ivy2/jars/org.apache.spark_spark-sql-kafka-0-10_2.12-3.5.0.jar at spark://5e5232d564b8:35943/files/org.apache.spark_spark-sql-kafka-0-10_2.12-3.5.0.jar with timestamp 1774317590928
[2026-03-24T01:59:51.525+0000] {subprocess.py:93} INFO - 26/03/24 01:59:51 INFO Utils: Copying /home/airflow/.ivy2/jars/org.apache.spark_spark-sql-kafka-0-10_2.12-3.5.0.jar to /tmp/spark-45c9f4c9-71d9-40ab-b41f-e5a2b9c438b2/userFiles-a980ce6f-354d-4252-87ba-6f2e806e12a5/org.apache.spark_spark-sql-kafka-0-10_2.12-3.5.0.jar
[2026-03-24T01:59:51.531+0000] {subprocess.py:93} INFO - 26/03/24 01:59:51 INFO SparkContext: Added file file:///home/airflow/.ivy2/jars/org.apache.spark_spark-token-provider-kafka-0-10_2.12-3.5.0.jar at spark://5e5232d564b8:35943/files/org.apache.spark_spark-token-provider-kafka-0-10_2.12-3.5.0.jar with timestamp 1774317590928
[2026-03-24T01:59:51.532+0000] {subprocess.py:93} INFO - 26/03/24 01:59:51 INFO Utils: Copying /home/airflow/.ivy2/jars/org.apache.spark_spark-token-provider-kafka-0-10_2.12-3.5.0.jar to /tmp/spark-45c9f4c9-71d9-40ab-b41f-e5a2b9c438b2/userFiles-a980ce6f-354d-4252-87ba-6f2e806e12a5/org.apache.spark_spark-token-provider-kafka-0-10_2.12-3.5.0.jar
[2026-03-24T01:59:51.538+0000] {subprocess.py:93} INFO - 26/03/24 01:59:51 INFO SparkContext: Added file file:///home/airflow/.ivy2/jars/org.apache.kafka_kafka-clients-3.4.1.jar at spark://5e5232d564b8:35943/files/org.apache.kafka_kafka-clients-3.4.1.jar with timestamp 1774317590928
[2026-03-24T01:59:51.538+0000] {subprocess.py:93} INFO - 26/03/24 01:59:51 INFO Utils: Copying /home/airflow/.ivy2/jars/org.apache.kafka_kafka-clients-3.4.1.jar to /tmp/spark-45c9f4c9-71d9-40ab-b41f-e5a2b9c438b2/userFiles-a980ce6f-354d-4252-87ba-6f2e806e12a5/org.apache.kafka_kafka-clients-3.4.1.jar
[2026-03-24T01:59:51.548+0000] {subprocess.py:93} INFO - 26/03/24 01:59:51 INFO SparkContext: Added file file:///home/airflow/.ivy2/jars/com.google.code.findbugs_jsr305-3.0.0.jar at spark://5e5232d564b8:35943/files/com.google.code.findbugs_jsr305-3.0.0.jar with timestamp 1774317590928
[2026-03-24T01:59:51.549+0000] {subprocess.py:93} INFO - 26/03/24 01:59:51 INFO Utils: Copying /home/airflow/.ivy2/jars/com.google.code.findbugs_jsr305-3.0.0.jar to /tmp/spark-45c9f4c9-71d9-40ab-b41f-e5a2b9c438b2/userFiles-a980ce6f-354d-4252-87ba-6f2e806e12a5/com.google.code.findbugs_jsr305-3.0.0.jar
[2026-03-24T01:59:51.554+0000] {subprocess.py:93} INFO - 26/03/24 01:59:51 INFO SparkContext: Added file file:///home/airflow/.ivy2/jars/org.apache.commons_commons-pool2-2.11.1.jar at spark://5e5232d564b8:35943/files/org.apache.commons_commons-pool2-2.11.1.jar with timestamp 1774317590928
[2026-03-24T01:59:51.555+0000] {subprocess.py:93} INFO - 26/03/24 01:59:51 INFO Utils: Copying /home/airflow/.ivy2/jars/org.apache.commons_commons-pool2-2.11.1.jar to /tmp/spark-45c9f4c9-71d9-40ab-b41f-e5a2b9c438b2/userFiles-a980ce6f-354d-4252-87ba-6f2e806e12a5/org.apache.commons_commons-pool2-2.11.1.jar
[2026-03-24T01:59:51.561+0000] {subprocess.py:93} INFO - 26/03/24 01:59:51 INFO SparkContext: Added file file:///home/airflow/.ivy2/jars/org.apache.hadoop_hadoop-client-runtime-3.3.4.jar at spark://5e5232d564b8:35943/files/org.apache.hadoop_hadoop-client-runtime-3.3.4.jar with timestamp 1774317590928
[2026-03-24T01:59:51.561+0000] {subprocess.py:93} INFO - 26/03/24 01:59:51 INFO Utils: Copying /home/airflow/.ivy2/jars/org.apache.hadoop_hadoop-client-runtime-3.3.4.jar to /tmp/spark-45c9f4c9-71d9-40ab-b41f-e5a2b9c438b2/userFiles-a980ce6f-354d-4252-87ba-6f2e806e12a5/org.apache.hadoop_hadoop-client-runtime-3.3.4.jar
[2026-03-24T01:59:51.582+0000] {subprocess.py:93} INFO - 26/03/24 01:59:51 INFO SparkContext: Added file file:///home/airflow/.ivy2/jars/org.lz4_lz4-java-1.8.0.jar at spark://5e5232d564b8:35943/files/org.lz4_lz4-java-1.8.0.jar with timestamp 1774317590928
[2026-03-24T01:59:51.583+0000] {subprocess.py:93} INFO - 26/03/24 01:59:51 INFO Utils: Copying /home/airflow/.ivy2/jars/org.lz4_lz4-java-1.8.0.jar to /tmp/spark-45c9f4c9-71d9-40ab-b41f-e5a2b9c438b2/userFiles-a980ce6f-354d-4252-87ba-6f2e806e12a5/org.lz4_lz4-java-1.8.0.jar
[2026-03-24T01:59:51.588+0000] {subprocess.py:93} INFO - 26/03/24 01:59:51 INFO SparkContext: Added file file:///home/airflow/.ivy2/jars/org.xerial.snappy_snappy-java-1.1.10.3.jar at spark://5e5232d564b8:35943/files/org.xerial.snappy_snappy-java-1.1.10.3.jar with timestamp 1774317590928
[2026-03-24T01:59:51.588+0000] {subprocess.py:93} INFO - 26/03/24 01:59:51 INFO Utils: Copying /home/airflow/.ivy2/jars/org.xerial.snappy_snappy-java-1.1.10.3.jar to /tmp/spark-45c9f4c9-71d9-40ab-b41f-e5a2b9c438b2/userFiles-a980ce6f-354d-4252-87ba-6f2e806e12a5/org.xerial.snappy_snappy-java-1.1.10.3.jar
[2026-03-24T01:59:51.594+0000] {subprocess.py:93} INFO - 26/03/24 01:59:51 INFO SparkContext: Added file file:///home/airflow/.ivy2/jars/org.slf4j_slf4j-api-2.0.7.jar at spark://5e5232d564b8:35943/files/org.slf4j_slf4j-api-2.0.7.jar with timestamp 1774317590928
[2026-03-24T01:59:51.595+0000] {subprocess.py:93} INFO - 26/03/24 01:59:51 INFO Utils: Copying /home/airflow/.ivy2/jars/org.slf4j_slf4j-api-2.0.7.jar to /tmp/spark-45c9f4c9-71d9-40ab-b41f-e5a2b9c438b2/userFiles-a980ce6f-354d-4252-87ba-6f2e806e12a5/org.slf4j_slf4j-api-2.0.7.jar
[2026-03-24T01:59:51.600+0000] {subprocess.py:93} INFO - 26/03/24 01:59:51 INFO SparkContext: Added file file:///home/airflow/.ivy2/jars/org.apache.hadoop_hadoop-client-api-3.3.4.jar at spark://5e5232d564b8:35943/files/org.apache.hadoop_hadoop-client-api-3.3.4.jar with timestamp 1774317590928
[2026-03-24T01:59:51.601+0000] {subprocess.py:93} INFO - 26/03/24 01:59:51 INFO Utils: Copying /home/airflow/.ivy2/jars/org.apache.hadoop_hadoop-client-api-3.3.4.jar to /tmp/spark-45c9f4c9-71d9-40ab-b41f-e5a2b9c438b2/userFiles-a980ce6f-354d-4252-87ba-6f2e806e12a5/org.apache.hadoop_hadoop-client-api-3.3.4.jar
[2026-03-24T01:59:51.618+0000] {subprocess.py:93} INFO - 26/03/24 01:59:51 INFO SparkContext: Added file file:///home/airflow/.ivy2/jars/commons-logging_commons-logging-1.1.3.jar at spark://5e5232d564b8:35943/files/commons-logging_commons-logging-1.1.3.jar with timestamp 1774317590928
[2026-03-24T01:59:51.618+0000] {subprocess.py:93} INFO - 26/03/24 01:59:51 INFO Utils: Copying /home/airflow/.ivy2/jars/commons-logging_commons-logging-1.1.3.jar to /tmp/spark-45c9f4c9-71d9-40ab-b41f-e5a2b9c438b2/userFiles-a980ce6f-354d-4252-87ba-6f2e806e12a5/commons-logging_commons-logging-1.1.3.jar
[2026-03-24T01:59:51.681+0000] {subprocess.py:93} INFO - 26/03/24 01:59:51 INFO StandaloneAppClient$ClientEndpoint: Connecting to master spark://spark-master:7077...
[2026-03-24T01:59:51.720+0000] {subprocess.py:93} INFO - 26/03/24 01:59:51 INFO TransportClientFactory: Successfully created connection to spark-master/172.18.0.4:7077 after 21 ms (0 ms spent in bootstraps)
[2026-03-24T01:59:51.797+0000] {subprocess.py:93} INFO - 26/03/24 01:59:51 INFO StandaloneSchedulerBackend: Connected to Spark cluster with app ID app-20260324015951-0006
[2026-03-24T01:59:51.803+0000] {subprocess.py:93} INFO - 26/03/24 01:59:51 INFO Utils: Successfully started service 'org.apache.spark.network.netty.NettyBlockTransferService' on port 38889.
[2026-03-24T01:59:51.804+0000] {subprocess.py:93} INFO - 26/03/24 01:59:51 INFO NettyBlockTransferService: Server created on 5e5232d564b8:38889
[2026-03-24T01:59:51.805+0000] {subprocess.py:93} INFO - 26/03/24 01:59:51 INFO BlockManager: Using org.apache.spark.storage.RandomBlockReplicationPolicy for block replication policy
[2026-03-24T01:59:51.809+0000] {subprocess.py:93} INFO - 26/03/24 01:59:51 INFO BlockManagerMaster: Registering BlockManager BlockManagerId(driver, 5e5232d564b8, 38889, None)
[2026-03-24T01:59:51.812+0000] {subprocess.py:93} INFO - 26/03/24 01:59:51 INFO BlockManagerMasterEndpoint: Registering block manager 5e5232d564b8:38889 with 127.2 MiB RAM, BlockManagerId(driver, 5e5232d564b8, 38889, None)
[2026-03-24T01:59:51.814+0000] {subprocess.py:93} INFO - 26/03/24 01:59:51 INFO BlockManagerMaster: Registered BlockManager BlockManagerId(driver, 5e5232d564b8, 38889, None)
[2026-03-24T01:59:51.815+0000] {subprocess.py:93} INFO - 26/03/24 01:59:51 INFO BlockManager: Initialized BlockManager: BlockManagerId(driver, 5e5232d564b8, 38889, None)
[2026-03-24T01:59:51.963+0000] {subprocess.py:93} INFO - 26/03/24 01:59:51 INFO StandaloneSchedulerBackend: SchedulerBackend is ready for scheduling beginning after reached minRegisteredResourcesRatio: 0.0
[2026-03-24T02:00:06.294+0000] {subprocess.py:93} INFO - [GOLD] Registros lidos da Silver: 100
[2026-03-24T02:00:07.226+0000] {subprocess.py:93} INFO - 26/03/24 02:00:07 WARN WindowExec: No Partition Defined for Window operation! Moving all data to a single partition, this can cause serious performance degradation.
[2026-03-24T02:00:07.231+0000] {subprocess.py:93} INFO - 26/03/24 02:00:07 WARN WindowExec: No Partition Defined for Window operation! Moving all data to a single partition, this can cause serious performance degradation.
[2026-03-24T02:00:07.238+0000] {subprocess.py:93} INFO - 26/03/24 02:00:07 WARN WindowExec: No Partition Defined for Window operation! Moving all data to a single partition, this can cause serious performance degradation.
[2026-03-24T02:00:08.517+0000] {subprocess.py:93} INFO - 26/03/24 02:00:08 WARN WindowExec: No Partition Defined for Window operation! Moving all data to a single partition, this can cause serious performance degradation.
[2026-03-24T02:00:08.518+0000] {subprocess.py:93} INFO - 26/03/24 02:00:08 WARN WindowExec: No Partition Defined for Window operation! Moving all data to a single partition, this can cause serious performance degradation.
[2026-03-24T02:00:08.845+0000] {subprocess.py:93} INFO - 26/03/24 02:00:08 WARN WindowExec: No Partition Defined for Window operation! Moving all data to a single partition, this can cause serious performance degradation.
[2026-03-24T02:00:10.052+0000] {subprocess.py:93} INFO - [GOLD] dim_emitente: 100 registros gravados em hdfs://namenode:8020/data/gold/dim_emitente
[2026-03-24T02:00:10.075+0000] {subprocess.py:93} INFO - 26/03/24 02:00:10 WARN WindowExec: No Partition Defined for Window operation! Moving all data to a single partition, this can cause serious performance degradation.
[2026-03-24T02:00:10.077+0000] {subprocess.py:93} INFO - 26/03/24 02:00:10 WARN WindowExec: No Partition Defined for Window operation! Moving all data to a single partition, this can cause serious performance degradation.
[2026-03-24T02:00:10.078+0000] {subprocess.py:93} INFO - 26/03/24 02:00:10 WARN WindowExec: No Partition Defined for Window operation! Moving all data to a single partition, this can cause serious performance degradation.
[2026-03-24T02:00:10.779+0000] {subprocess.py:93} INFO - 26/03/24 02:00:10 WARN WindowExec: No Partition Defined for Window operation! Moving all data to a single partition, this can cause serious performance degradation.
[2026-03-24T02:00:10.988+0000] {subprocess.py:93} INFO - 26/03/24 02:00:10 WARN WindowExec: No Partition Defined for Window operation! Moving all data to a single partition, this can cause serious performance degradation.
[2026-03-24T02:00:10.989+0000] {subprocess.py:93} INFO - 26/03/24 02:00:10 WARN WindowExec: No Partition Defined for Window operation! Moving all data to a single partition, this can cause serious performance degradation.
[2026-03-24T02:00:11.863+0000] {subprocess.py:93} INFO - [GOLD] dim_data: 100 registros gravados em hdfs://namenode:8020/data/gold/dim_data
[2026-03-24T02:00:11.892+0000] {subprocess.py:93} INFO - 26/03/24 02:00:11 WARN WindowExec: No Partition Defined for Window operation! Moving all data to a single partition, this can cause serious performance degradation.
[2026-03-24T02:00:11.893+0000] {subprocess.py:93} INFO - 26/03/24 02:00:11 WARN WindowExec: No Partition Defined for Window operation! Moving all data to a single partition, this can cause serious performance degradation.
[2026-03-24T02:00:11.894+0000] {subprocess.py:93} INFO - 26/03/24 02:00:11 WARN WindowExec: No Partition Defined for Window operation! Moving all data to a single partition, this can cause serious performance degradation.
[2026-03-24T02:00:11.996+0000] {subprocess.py:93} INFO - 26/03/24 02:00:11 WARN WindowExec: No Partition Defined for Window operation! Moving all data to a single partition, this can cause serious performance degradation.
[2026-03-24T02:00:12.156+0000] {subprocess.py:93} INFO - 26/03/24 02:00:12 WARN WindowExec: No Partition Defined for Window operation! Moving all data to a single partition, this can cause serious performance degradation.
[2026-03-24T02:00:12.880+0000] {subprocess.py:93} INFO - [GOLD] dim_localidade: 25 registros gravados em hdfs://namenode:8020/data/gold/dim_localidade
[2026-03-24T02:00:12.960+0000] {subprocess.py:93} INFO - 26/03/24 02:00:12 WARN WindowExec: No Partition Defined for Window operation! Moving all data to a single partition, this can cause serious performance degradation.
[2026-03-24T02:00:12.963+0000] {subprocess.py:93} INFO - 26/03/24 02:00:12 WARN WindowExec: No Partition Defined for Window operation! Moving all data to a single partition, this can cause serious performance degradation.
[2026-03-24T02:00:12.965+0000] {subprocess.py:93} INFO - 26/03/24 02:00:12 WARN WindowExec: No Partition Defined for Window operation! Moving all data to a single partition, this can cause serious performance degradation.
[2026-03-24T02:00:12.966+0000] {subprocess.py:93} INFO - 26/03/24 02:00:12 WARN WindowExec: No Partition Defined for Window operation! Moving all data to a single partition, this can cause serious performance degradation.
[2026-03-24T02:00:13.102+0000] {subprocess.py:93} INFO - 26/03/24 02:00:13 WARN WindowExec: No Partition Defined for Window operation! Moving all data to a single partition, this can cause serious performance degradation.
[2026-03-24T02:00:13.103+0000] {subprocess.py:93} INFO - 26/03/24 02:00:13 WARN WindowExec: No Partition Defined for Window operation! Moving all data to a single partition, this can cause serious performance degradation.
[2026-03-24T02:00:13.105+0000] {subprocess.py:93} INFO - 26/03/24 02:00:13 WARN WindowExec: No Partition Defined for Window operation! Moving all data to a single partition, this can cause serious performance degradation.
[2026-03-24T02:00:13.106+0000] {subprocess.py:93} INFO - 26/03/24 02:00:13 WARN WindowExec: No Partition Defined for Window operation! Moving all data to a single partition, this can cause serious performance degradation.
[2026-03-24T02:00:13.107+0000] {subprocess.py:93} INFO - 26/03/24 02:00:13 WARN WindowExec: No Partition Defined for Window operation! Moving all data to a single partition, this can cause serious performance degradation.
[2026-03-24T02:00:13.212+0000] {subprocess.py:93} INFO - 26/03/24 02:00:13 WARN WindowExec: No Partition Defined for Window operation! Moving all data to a single partition, this can cause serious performance degradation.
[2026-03-24T02:00:13.213+0000] {subprocess.py:93} INFO - 26/03/24 02:00:13 WARN WindowExec: No Partition Defined for Window operation! Moving all data to a single partition, this can cause serious performance degradation.
[2026-03-24T02:00:13.214+0000] {subprocess.py:93} INFO - 26/03/24 02:00:13 WARN WindowExec: No Partition Defined for Window operation! Moving all data to a single partition, this can cause serious performance degradation.
[2026-03-24T02:00:13.215+0000] {subprocess.py:93} INFO - 26/03/24 02:00:13 WARN WindowExec: No Partition Defined for Window operation! Moving all data to a single partition, this can cause serious performance degradation.
[2026-03-24T02:00:13.216+0000] {subprocess.py:93} INFO - 26/03/24 02:00:13 WARN WindowExec: No Partition Defined for Window operation! Moving all data to a single partition, this can cause serious performance degradation.
[2026-03-24T02:00:13.258+0000] {subprocess.py:93} INFO - 26/03/24 02:00:13 WARN WindowExec: No Partition Defined for Window operation! Moving all data to a single partition, this can cause serious performance degradation.
[2026-03-24T02:00:13.259+0000] {subprocess.py:93} INFO - 26/03/24 02:00:13 WARN WindowExec: No Partition Defined for Window operation! Moving all data to a single partition, this can cause serious performance degradation.
[2026-03-24T02:00:13.260+0000] {subprocess.py:93} INFO - 26/03/24 02:00:13 WARN WindowExec: No Partition Defined for Window operation! Moving all data to a single partition, this can cause serious performance degradation.
[2026-03-24T02:00:13.261+0000] {subprocess.py:93} INFO - 26/03/24 02:00:13 WARN WindowExec: No Partition Defined for Window operation! Moving all data to a single partition, this can cause serious performance degradation.
[2026-03-24T02:00:13.262+0000] {subprocess.py:93} INFO - 26/03/24 02:00:13 WARN WindowExec: No Partition Defined for Window operation! Moving all data to a single partition, this can cause serious performance degradation.
[2026-03-24T02:00:13.292+0000] {subprocess.py:93} INFO - 26/03/24 02:00:13 WARN WindowExec: No Partition Defined for Window operation! Moving all data to a single partition, this can cause serious performance degradation.
[2026-03-24T02:00:13.293+0000] {subprocess.py:93} INFO - 26/03/24 02:00:13 WARN WindowExec: No Partition Defined for Window operation! Moving all data to a single partition, this can cause serious performance degradation.
[2026-03-24T02:00:13.295+0000] {subprocess.py:93} INFO - 26/03/24 02:00:13 WARN WindowExec: No Partition Defined for Window operation! Moving all data to a single partition, this can cause serious performance degradation.
[2026-03-24T02:00:13.361+0000] {subprocess.py:93} INFO - 26/03/24 02:00:13 WARN WindowExec: No Partition Defined for Window operation! Moving all data to a single partition, this can cause serious performance degradation.
[2026-03-24T02:00:13.362+0000] {subprocess.py:93} INFO - 26/03/24 02:00:13 WARN WindowExec: No Partition Defined for Window operation! Moving all data to a single partition, this can cause serious performance degradation.
[2026-03-24T02:00:13.363+0000] {subprocess.py:93} INFO - 26/03/24 02:00:13 WARN WindowExec: No Partition Defined for Window operation! Moving all data to a single partition, this can cause serious performance degradation.
[2026-03-24T02:00:13.461+0000] {subprocess.py:93} INFO - 26/03/24 02:00:13 WARN WindowExec: No Partition Defined for Window operation! Moving all data to a single partition, this can cause serious performance degradation.
[2026-03-24T02:00:13.462+0000] {subprocess.py:93} INFO - 26/03/24 02:00:13 WARN WindowExec: No Partition Defined for Window operation! Moving all data to a single partition, this can cause serious performance degradation.
[2026-03-24T02:00:13.470+0000] {subprocess.py:93} INFO - 26/03/24 02:00:13 WARN WindowExec: No Partition Defined for Window operation! Moving all data to a single partition, this can cause serious performance degradation.
[2026-03-24T02:00:13.472+0000] {subprocess.py:93} INFO - 26/03/24 02:00:13 WARN WindowExec: No Partition Defined for Window operation! Moving all data to a single partition, this can cause serious performance degradation.
[2026-03-24T02:00:14.368+0000] {subprocess.py:93} INFO - [GOLD] fato_vendas: 108 registros gravados em hdfs://namenode:8020/data/gold/fato_vendas
[2026-03-24T02:00:14.369+0000] {subprocess.py:93} INFO - [INFO] gold.dim_emitente — 100 registros gravados no HDFS
[2026-03-24T02:00:14.369+0000] {subprocess.py:93} INFO - [INFO] gold.dim_data — 100 registros gravados no HDFS
[2026-03-24T02:00:14.369+0000] {subprocess.py:93} INFO - [INFO] gold.dim_localidade — 25 registros gravados no HDFS
[2026-03-24T02:00:14.369+0000] {subprocess.py:93} INFO - [INFO] gold.fato_vendas — 108 registros gravados no HDFS
[2026-03-24T02:00:14.621+0000] {subprocess.py:97} INFO - Command exited with return code 0
[2026-03-24T02:00:14.671+0000] {taskinstance.py:1138} INFO - Marking task as SUCCESS. dag_id=process_medallion, task_id=silver_to_gold, execution_date=20260324T015855, start_date=20260324T015946, end_date=20260324T020014
[2026-03-24T02:00:14.736+0000] {local_task_job_runner.py:234} INFO - Task exited with return code 0
[2026-03-24T02:00:14.763+0000] {taskinstance.py:3280} INFO - 0 downstream tasks scheduled from follow-on schedule check
